<?xml version="1.0" encoding="ISO-8859-1" ?>
<!DOCTYPE html PUBLIC "-//W3C//DTD XHTML 1.0 Strict//EN"
"http://www.w3.org/TR/xhtml1/DTD/xhtml1-strict.dtd">
<html xmlns="http://www.w3.org/1999/xhtml" xml:lang="en" lang="en">
<head>
  <meta http-equiv="Content-Type" content="text/html;charset=utf-8" />
  <meta name="description" content="TestNG unit test results." />
  <link href="css/bootstrap.min.css" rel="stylesheet" />
  <link href="css/reportngClass.css" rel="stylesheet" />
  <script type="text/javascript" src="js/reportngClass.js"></script>
  <script type="text/javascript" src="js/jquery-1.4.4.min.js"></script> 
  <script type="text/javascript" src="js/jquery.tablesorter.min.js"></script>
  <script type="text/javascript" src="js/json-min.js"></script>
  <script type="text/javascript">
	$(document).ready(function(){
		$('.tablesorter').tablesorter({sortList: [[0,0]]});
	});
  </script>
</head>
<body onload="doParse(); return false;" onkeypress="collapseExpand();">
<div class="well well-large">
	<b>Test Info</>
	<table class="table">
	  <tr>
	    <th>Test Name : </th>
	    <th>
	    	<div class="tooltipCustom">
	    		<img src="images/copy.png" width="10" height="15" alt="Copy to Clipboard" onclick="copyToClipboard('#testNameId')"/>
	    		<span class="tooltiptextCustom">Copy Test name</span>
			</div>
	    </th>
	    <th id="testNameId">SauceDemoAutomation</th> 
	  </tr>
	  <tr>
	    <th>Test Class : </th>
	    <th>
	    	<div class="tooltipCustom">
	    		<img src="images/copy.png" width="10" height="15" alt="Copy to Clipboard" onclick="copyToClipboard('#testClassId')"/>
	    		<span class="tooltiptextCustom">Copy full path Class name</span>
			</div>
	    	<div class="tooltipCustom">
	    		<img src="images/copy.png" width="10" height="15" alt="Copy to Clipboard" onclick="copyToClipboard('#testClassNameId')"/>
	    		<span class="tooltiptextCustom">Copy Class name</span>
			</div>
	    </th> 
	    <th id="testClassId">base.SauceDemoAutomation</th>
	    <th id="testClassNameId" hidden="true">SauceDemoAutomation</th>
	  </tr>
	  <tr>
	    <th>Suite Name : </th>
	    <th>
	    	<div class="tooltipCustom">
	    		<img src="images/copy.png" width="10" height="15" alt="Copy to Clipboard" onclick="copyToClipboard('#suiteNameId')"/>
	    		<span class="tooltiptextCustom">Copy Suite name</span>
			</div>
		</th>
	    <th id="suiteNameId">SauceDemoAutomation Suite</th>
	  </tr>
	  <tr>
	    <th>Suite XML : </th>
	    <th>
	    	<div class="tooltipCustom">
	    		<img src="images/copy.png" width="10" height="15" alt="Copy to Clipboard" onclick="copyToClipboard('#suiteXMLId')"/>
	    		<span class="tooltiptextCustom">Copy Suite full path name</span>
			</div>
	    	<div class="tooltipCustom">
	    		<img src="images/copy.png" width="10" height="15" alt="Copy to Clipboard" onclick="copyToClipboard('#suiteXMLNameId')"/>
	    		<span class="tooltiptextCustom">Copy Suite file name</span>
			</div>
	    </th> 
	  	<th id="suiteXMLId">C:\Users\SHUBHAM\eclipse-workspace\Project_Sauce_Demo\SauceDemoAutomation.xml</th>
	  	<th id="suiteXMLNameId" hidden="true">SauceDemoAutomation.xml</th>
	  </tr>
	  	  <tr>
	    <th>Total Time : </th>
	    <th></th>
	    <th>00:00:16</th> 
	  </tr>
	  <tr>
	    <th>Total Steps : </th>
	   	<th></th>
	    <th>6</th> 
	  </tr>
	  <tr>
	    <th>Status : </th>
	    <th></th>
	    <th><font color="red">FAIL</font></th> 
	  </tr>
	</table>
</div>
<div class="well well-large">
	<div class="row">
		<div class="col-xs-12">
	        <div class="text-right">
	            <button id="hideResults" type="button" class="btn-danger" onclick="collapseExpand(this);" onkeypress="collapseExpand(this);" class="btn pull-right" title="Click or Press Any key to collapse/expand All Failed Tests and Configuration Methods">Show Only Failures</button>
	        </div>
	    </div>
	</div>
	<table class="tablesorter" border="1">
		<thead>
		<tr>
		<th class="headerTime">Time</th>
		<th class="headerTime" width="12%">Info</th>
		<th class="headerTime" width="88%">Test</th>
		</tr>
		</thead>
		<tbody>
		
				
				
												
											<tr>
	<td class="time">1735554854089</td>
	<td class="header failed" colspan="4" onClick="toggleElement('dcd6859a-bfc3-4800-90d4-0a7d7dc274e9','block');changeSingleIcon('span-dcd6859a-bfc3-4800-90d4-0a7d7dc274e9');" title="Click to expand/collapse" style="cursor: pointer;">
	<div style="float:left;"><i>Class&nbsp;:&nbsp;</i>base.SauceDemoAutomation</div>
	<div style="float:right;">@Test @ with DataProvider : [""] &nbsp;&nbsp;<span id='span-dcd6859a-bfc3-4800-90d4-0a7d7dc274e9' class="glyphicon glyphicon-menu-down"></span></div>
	</td>
	</tr>
<tr>
	<td class="time">1735554854089</td>
	<td class="methodTest">
		<span class="description"><b>Method: </b>checkout_overview</span><br>
			<span class="description"><b>Description: </b></span><br>
				<span class="description"><b>Priority: </b><font color='blue'>5</font></span><br>
						<span class="duration"><b>Duration: </b>0.052s</span><br>
	</td>
	<td class="result">
						<div class="noCollapse" id="dcd6859a-bfc3-4800-90d4-0a7d7dc274e9" style="display: block;">
												- On Test Start<br>
												CHECKOUT OVERVIEW TITLE: Checkout: Your Information<br>
												- On Test Failure<br>
									<a href="javascript:toggleElement('exception-dcd6859a-bfc3-4800-90d4-0a7d7dc274e9','block')" title="Click to expand/collapse"><b>org.openqa.selenium.NoSuchElementException: no such element: Unable to locate element: {&quot;method&quot;:&quot;xpath&quot;,&quot;selector&quot;:&quot;//*[@id=&quot;item_2_title_link&quot;]/div&quot;}<br/>
&nbsp; (Session info: chrome=131.0.6778.205)<br/>
For documentation on this error, please visit: https://www.selenium.dev/documentation/webdriver/troubleshooting/errors#no-such-element-exception<br/>
Build info: version: &apos;4.26.0&apos;, revision: &apos;8ccf0219d7&apos;<br/>
System info: os.name: &apos;Windows 11&apos;, os.arch: &apos;amd64&apos;, os.version: &apos;10.0&apos;, java.version: &apos;23.0.1&apos;<br/>
Driver info: org.openqa.selenium.chrome.ChromeDriver<br/>
Command: [28706e2b1d2ca8759d37720129d99965, findElement {value=//*[@id=&quot;item_2_title_link&quot;]/div, using=xpath}]<br/>
Capabilities {acceptInsecureCerts: false, browserName: chrome, browserVersion: 131.0.6778.205, chrome: {chromedriverVersion: 131.0.6778.204 (52183f9e99a..., userDataDir: C:\Users\SHUBHAM\AppData\Lo...}, fedcm:accounts: true, goog:chromeOptions: {debuggerAddress: localhost:51569}, networkConnectionEnabled: false, pageLoadStrategy: normal, platformName: windows, proxy: Proxy(), se:cdp: ws://localhost:51569/devtoo..., se:cdpVersion: 131.0.6778.205, setWindowRect: true, strictFileInteractability: false, timeouts: {implicit: 0, pageLoad: 300000, script: 30000}, unhandledPromptBehavior: dismiss and notify, webauthn:extension:credBlob: true, webauthn:extension:largeBlob: true, webauthn:extension:minPinLength: true, webauthn:extension:prf: true, webauthn:virtualAuthenticators: true}<br/>
Session ID: 28706e2b1d2ca8759d37720129d99965</b></a><br/>
		<div class="stackTrace" id="exception-dcd6859a-bfc3-4800-90d4-0a7d7dc274e9">
					java.base/jdk.internal.reflect.DirectConstructorHandleAccessor.newInstance(DirectConstructorHandleAccessor.java:62)<br/>
					java.base/java.lang.reflect.Constructor.newInstanceWithCaller(Constructor.java:501)<br/>
					java.base/java.lang.reflect.Constructor.newInstance(Constructor.java:485)<br/>
					org.openqa.selenium.remote.ErrorCodec.decode(ErrorCodec.java:167)<br/>
					org.openqa.selenium.remote.codec.w3c.W3CHttpResponseCodec.decode(W3CHttpResponseCodec.java:138)<br/>
					org.openqa.selenium.remote.codec.w3c.W3CHttpResponseCodec.decode(W3CHttpResponseCodec.java:50)<br/>
					org.openqa.selenium.remote.HttpCommandExecutor.execute(HttpCommandExecutor.java:190)<br/>
					org.openqa.selenium.remote.service.DriverCommandExecutor.invokeExecute(DriverCommandExecutor.java:216)<br/>
					org.openqa.selenium.remote.service.DriverCommandExecutor.execute(DriverCommandExecutor.java:174)<br/>
					org.openqa.selenium.remote.RemoteWebDriver.execute(RemoteWebDriver.java:545)<br/>
					org.openqa.selenium.remote.ElementLocation$ElementFinder$2.findElement(ElementLocation.java:165)<br/>
					org.openqa.selenium.remote.ElementLocation.findElement(ElementLocation.java:59)<br/>
					org.openqa.selenium.remote.RemoteWebDriver.findElement(RemoteWebDriver.java:368)<br/>
					org.openqa.selenium.remote.RemoteWebDriver.findElement(RemoteWebDriver.java:362)<br/>
					org.openqa.selenium.support.pagefactory.DefaultElementLocator.findElement(DefaultElementLocator.java:68)<br/>
					org.openqa.selenium.support.pagefactory.internal.LocatingElementHandler.invoke(LocatingElementHandler.java:38)<br/>
					jdk.proxy2/jdk.proxy2.$Proxy12.getText(Unknown Source)<br/>
					pages.CheckoutOverview.checkoutOveriewDescription(CheckoutOverview.java:71)<br/>
					testcases.ModuleTestCases.checkoutOverview(ModuleTestCases.java:92)<br/>
					base.SauceDemoAutomation.checkout_overview(SauceDemoAutomation.java:44)<br/>
					java.base/jdk.internal.reflect.DirectMethodHandleAccessor.invoke(DirectMethodHandleAccessor.java:103)<br/>
					java.base/java.lang.reflect.Method.invoke(Method.java:580)<br/>
					org.testng.internal.invokers.MethodInvocationHelper.invokeMethod(MethodInvocationHelper.java:141)<br/>
					org.testng.internal.invokers.TestInvoker.invokeMethod(TestInvoker.java:686)<br/>
					org.testng.internal.invokers.TestInvoker.retryFailed(TestInvoker.java:269)<br/>
					org.testng.internal.invokers.MethodRunner.runInSequence(MethodRunner.java:76)<br/>
					org.testng.internal.invokers.TestInvoker$MethodInvocationAgent.invoke(TestInvoker.java:992)<br/>
					org.testng.internal.invokers.TestInvoker.invokeTestMethods(TestInvoker.java:203)<br/>
					org.testng.internal.invokers.TestMethodWorker.invokeTestMethods(TestMethodWorker.java:154)<br/>
					org.testng.internal.invokers.TestMethodWorker.run(TestMethodWorker.java:134)<br/>
					java.base/java.util.ArrayList.forEach(ArrayList.java:1597)<br/>
					org.testng.TestRunner.privateRun(TestRunner.java:739)<br/>
					org.testng.TestRunner.run(TestRunner.java:614)<br/>
					org.testng.SuiteRunner.runTest(SuiteRunner.java:421)<br/>
					org.testng.SuiteRunner.runSequentially(SuiteRunner.java:413)<br/>
					org.testng.SuiteRunner.privateRun(SuiteRunner.java:373)<br/>
					org.testng.SuiteRunner.run(SuiteRunner.java:312)<br/>
					org.testng.SuiteRunnerWorker.runSuite(SuiteRunnerWorker.java:52)<br/>
					org.testng.SuiteRunnerWorker.run(SuiteRunnerWorker.java:95)<br/>
					org.testng.TestNG.runSuitesSequentially(TestNG.java:1274)<br/>
					org.testng.TestNG.runSuitesLocally(TestNG.java:1208)<br/>
					org.testng.TestNG.runSuites(TestNG.java:1112)<br/>
					org.testng.TestNG.run(TestNG.java:1079)<br/>
					org.testng.remote.AbstractRemoteTestNG.run(AbstractRemoteTestNG.java:115)<br/>
					org.testng.remote.RemoteTestNG.initAndRun(RemoteTestNG.java:293)<br/>
					org.testng.remote.RemoteTestNG.main(RemoteTestNG.java:91)<br/>
						</div>
		</td>
	</div>
</tr>
					<tr>
	<td class="time">1735554854268</td>
	<td class="header failed" colspan="4" onClick="toggleElement('1630aeeb-9392-43a7-8493-c72e79d250de','block');changeSingleIcon('span-1630aeeb-9392-43a7-8493-c72e79d250de');" title="Click to expand/collapse" style="cursor: pointer;">
	<div style="float:left;"><i>Class&nbsp;:&nbsp;</i>base.SauceDemoAutomation</div>
	<div style="float:right;">@Test @ with DataProvider : [""] &nbsp;&nbsp;<span id='span-1630aeeb-9392-43a7-8493-c72e79d250de' class="glyphicon glyphicon-menu-down"></span></div>
	</td>
	</tr>
<tr>
	<td class="time">1735554854268</td>
	<td class="methodTest">
		<span class="description"><b>Method: </b>checkout_completed</span><br>
			<span class="description"><b>Description: </b></span><br>
				<span class="description"><b>Priority: </b><font color='blue'>6</font></span><br>
						<span class="duration"><b>Duration: </b>0.044s</span><br>
	</td>
	<td class="result">
						<div class="noCollapse" id="1630aeeb-9392-43a7-8493-c72e79d250de" style="display: block;">
												- On Test Start<br>
												CHECKOUT COMPLETED TITLE: Checkout: Your Information<br>
												- On Test Failure<br>
									<a href="javascript:toggleElement('exception-1630aeeb-9392-43a7-8493-c72e79d250de','block')" title="Click to expand/collapse"><b>org.openqa.selenium.NoSuchElementException: no such element: Unable to locate element: {&quot;method&quot;:&quot;xpath&quot;,&quot;selector&quot;:&quot;//*[@id=&quot;checkout_complete_container&quot;]/h2&quot;}<br/>
&nbsp; (Session info: chrome=131.0.6778.205)<br/>
For documentation on this error, please visit: https://www.selenium.dev/documentation/webdriver/troubleshooting/errors#no-such-element-exception<br/>
Build info: version: &apos;4.26.0&apos;, revision: &apos;8ccf0219d7&apos;<br/>
System info: os.name: &apos;Windows 11&apos;, os.arch: &apos;amd64&apos;, os.version: &apos;10.0&apos;, java.version: &apos;23.0.1&apos;<br/>
Driver info: org.openqa.selenium.chrome.ChromeDriver<br/>
Command: [28706e2b1d2ca8759d37720129d99965, findElement {value=//*[@id=&quot;checkout_complete_container&quot;]/h2, using=xpath}]<br/>
Capabilities {acceptInsecureCerts: false, browserName: chrome, browserVersion: 131.0.6778.205, chrome: {chromedriverVersion: 131.0.6778.204 (52183f9e99a..., userDataDir: C:\Users\SHUBHAM\AppData\Lo...}, fedcm:accounts: true, goog:chromeOptions: {debuggerAddress: localhost:51569}, networkConnectionEnabled: false, pageLoadStrategy: normal, platformName: windows, proxy: Proxy(), se:cdp: ws://localhost:51569/devtoo..., se:cdpVersion: 131.0.6778.205, setWindowRect: true, strictFileInteractability: false, timeouts: {implicit: 0, pageLoad: 300000, script: 30000}, unhandledPromptBehavior: dismiss and notify, webauthn:extension:credBlob: true, webauthn:extension:largeBlob: true, webauthn:extension:minPinLength: true, webauthn:extension:prf: true, webauthn:virtualAuthenticators: true}<br/>
Session ID: 28706e2b1d2ca8759d37720129d99965</b></a><br/>
		<div class="stackTrace" id="exception-1630aeeb-9392-43a7-8493-c72e79d250de">
					java.base/jdk.internal.reflect.DirectConstructorHandleAccessor.newInstance(DirectConstructorHandleAccessor.java:62)<br/>
					java.base/java.lang.reflect.Constructor.newInstanceWithCaller(Constructor.java:501)<br/>
					java.base/java.lang.reflect.Constructor.newInstance(Constructor.java:485)<br/>
					org.openqa.selenium.remote.ErrorCodec.decode(ErrorCodec.java:167)<br/>
					org.openqa.selenium.remote.codec.w3c.W3CHttpResponseCodec.decode(W3CHttpResponseCodec.java:138)<br/>
					org.openqa.selenium.remote.codec.w3c.W3CHttpResponseCodec.decode(W3CHttpResponseCodec.java:50)<br/>
					org.openqa.selenium.remote.HttpCommandExecutor.execute(HttpCommandExecutor.java:190)<br/>
					org.openqa.selenium.remote.service.DriverCommandExecutor.invokeExecute(DriverCommandExecutor.java:216)<br/>
					org.openqa.selenium.remote.service.DriverCommandExecutor.execute(DriverCommandExecutor.java:174)<br/>
					org.openqa.selenium.remote.RemoteWebDriver.execute(RemoteWebDriver.java:545)<br/>
					org.openqa.selenium.remote.ElementLocation$ElementFinder$2.findElement(ElementLocation.java:165)<br/>
					org.openqa.selenium.remote.ElementLocation.findElement(ElementLocation.java:59)<br/>
					org.openqa.selenium.remote.RemoteWebDriver.findElement(RemoteWebDriver.java:368)<br/>
					org.openqa.selenium.remote.RemoteWebDriver.findElement(RemoteWebDriver.java:362)<br/>
					org.openqa.selenium.support.pagefactory.DefaultElementLocator.findElement(DefaultElementLocator.java:68)<br/>
					org.openqa.selenium.support.pagefactory.internal.LocatingElementHandler.invoke(LocatingElementHandler.java:38)<br/>
					jdk.proxy2/jdk.proxy2.$Proxy12.getText(Unknown Source)<br/>
					pages.CheckoutCompleted.orderCompletedMessage(CheckoutCompleted.java:52)<br/>
					testcases.ModuleTestCases.checkoutCompleted(ModuleTestCases.java:104)<br/>
					base.SauceDemoAutomation.checkout_completed(SauceDemoAutomation.java:50)<br/>
					java.base/jdk.internal.reflect.DirectMethodHandleAccessor.invoke(DirectMethodHandleAccessor.java:103)<br/>
					java.base/java.lang.reflect.Method.invoke(Method.java:580)<br/>
					org.testng.internal.invokers.MethodInvocationHelper.invokeMethod(MethodInvocationHelper.java:141)<br/>
					org.testng.internal.invokers.TestInvoker.invokeMethod(TestInvoker.java:686)<br/>
					org.testng.internal.invokers.TestInvoker.retryFailed(TestInvoker.java:269)<br/>
					org.testng.internal.invokers.MethodRunner.runInSequence(MethodRunner.java:76)<br/>
					org.testng.internal.invokers.TestInvoker$MethodInvocationAgent.invoke(TestInvoker.java:992)<br/>
					org.testng.internal.invokers.TestInvoker.invokeTestMethods(TestInvoker.java:203)<br/>
					org.testng.internal.invokers.TestMethodWorker.invokeTestMethods(TestMethodWorker.java:154)<br/>
					org.testng.internal.invokers.TestMethodWorker.run(TestMethodWorker.java:134)<br/>
					java.base/java.util.ArrayList.forEach(ArrayList.java:1597)<br/>
					org.testng.TestRunner.privateRun(TestRunner.java:739)<br/>
					org.testng.TestRunner.run(TestRunner.java:614)<br/>
					org.testng.SuiteRunner.runTest(SuiteRunner.java:421)<br/>
					org.testng.SuiteRunner.runSequentially(SuiteRunner.java:413)<br/>
					org.testng.SuiteRunner.privateRun(SuiteRunner.java:373)<br/>
					org.testng.SuiteRunner.run(SuiteRunner.java:312)<br/>
					org.testng.SuiteRunnerWorker.runSuite(SuiteRunnerWorker.java:52)<br/>
					org.testng.SuiteRunnerWorker.run(SuiteRunnerWorker.java:95)<br/>
					org.testng.TestNG.runSuitesSequentially(TestNG.java:1274)<br/>
					org.testng.TestNG.runSuitesLocally(TestNG.java:1208)<br/>
					org.testng.TestNG.runSuites(TestNG.java:1112)<br/>
					org.testng.TestNG.run(TestNG.java:1079)<br/>
					org.testng.remote.AbstractRemoteTestNG.run(AbstractRemoteTestNG.java:115)<br/>
					org.testng.remote.RemoteTestNG.initAndRun(RemoteTestNG.java:293)<br/>
					org.testng.remote.RemoteTestNG.main(RemoteTestNG.java:91)<br/>
						</div>
		</td>
	</div>
</tr>
						
											<tr>
	<td class="time">1735554854148</td>
	<td class="header skipped" colspan="4" onClick="toggleElement('4dee2132-7a34-4e06-9f93-012206e7683c','block');changeSingleIcon('span-4dee2132-7a34-4e06-9f93-012206e7683c');" title="Click to expand/collapse" style="cursor: pointer;">
	<div style="float:left;"><i>Class&nbsp;:&nbsp;</i>base.SauceDemoAutomation</div>
	<div style="float:right;">@Test @ with DataProvider : [""] &nbsp;&nbsp;<span id='span-4dee2132-7a34-4e06-9f93-012206e7683c' class="glyphicon glyphicon-menu-down"></span></div>
	</td>
	</tr>
<tr>
	<td class="time">1735554854148</td>
	<td class="methodTest">
		<span class="description"><b>Method: </b>checkout_completed</span><br>
			<span class="description"><b>Description: </b></span><br>
				<span class="description"><b>Priority: </b><font color='blue'>6</font></span><br>
						<span class="duration"><b>Duration: </b>0.065s</span><br>
	</td>
	<td class="result">
		 									<div class="stackTrace" id="4dee2132-7a34-4e06-9f93-012206e7683c" style="display: block;">
												- On Test Start<br>
												CHECKOUT COMPLETED TITLE: Checkout: Your Information<br>
												- On Test Skipped<br>
									<a href="javascript:toggleElement('exception-4dee2132-7a34-4e06-9f93-012206e7683c','block')" title="Click to expand/collapse"><b>org.openqa.selenium.NoSuchElementException: no such element: Unable to locate element: {&quot;method&quot;:&quot;xpath&quot;,&quot;selector&quot;:&quot;//*[@id=&quot;checkout_complete_container&quot;]/h2&quot;}<br/>
&nbsp; (Session info: chrome=131.0.6778.205)<br/>
For documentation on this error, please visit: https://www.selenium.dev/documentation/webdriver/troubleshooting/errors#no-such-element-exception<br/>
Build info: version: &apos;4.26.0&apos;, revision: &apos;8ccf0219d7&apos;<br/>
System info: os.name: &apos;Windows 11&apos;, os.arch: &apos;amd64&apos;, os.version: &apos;10.0&apos;, java.version: &apos;23.0.1&apos;<br/>
Driver info: org.openqa.selenium.chrome.ChromeDriver<br/>
Command: [28706e2b1d2ca8759d37720129d99965, findElement {value=//*[@id=&quot;checkout_complete_container&quot;]/h2, using=xpath}]<br/>
Capabilities {acceptInsecureCerts: false, browserName: chrome, browserVersion: 131.0.6778.205, chrome: {chromedriverVersion: 131.0.6778.204 (52183f9e99a..., userDataDir: C:\Users\SHUBHAM\AppData\Lo...}, fedcm:accounts: true, goog:chromeOptions: {debuggerAddress: localhost:51569}, networkConnectionEnabled: false, pageLoadStrategy: normal, platformName: windows, proxy: Proxy(), se:cdp: ws://localhost:51569/devtoo..., se:cdpVersion: 131.0.6778.205, setWindowRect: true, strictFileInteractability: false, timeouts: {implicit: 0, pageLoad: 300000, script: 30000}, unhandledPromptBehavior: dismiss and notify, webauthn:extension:credBlob: true, webauthn:extension:largeBlob: true, webauthn:extension:minPinLength: true, webauthn:extension:prf: true, webauthn:virtualAuthenticators: true}<br/>
Session ID: 28706e2b1d2ca8759d37720129d99965</b></a><br/>
		<div class="stackTrace" id="exception-4dee2132-7a34-4e06-9f93-012206e7683c">
					java.base/jdk.internal.reflect.DirectConstructorHandleAccessor.newInstance(DirectConstructorHandleAccessor.java:62)<br/>
					java.base/java.lang.reflect.Constructor.newInstanceWithCaller(Constructor.java:501)<br/>
					java.base/java.lang.reflect.Constructor.newInstance(Constructor.java:485)<br/>
					org.openqa.selenium.remote.ErrorCodec.decode(ErrorCodec.java:167)<br/>
					org.openqa.selenium.remote.codec.w3c.W3CHttpResponseCodec.decode(W3CHttpResponseCodec.java:138)<br/>
					org.openqa.selenium.remote.codec.w3c.W3CHttpResponseCodec.decode(W3CHttpResponseCodec.java:50)<br/>
					org.openqa.selenium.remote.HttpCommandExecutor.execute(HttpCommandExecutor.java:190)<br/>
					org.openqa.selenium.remote.service.DriverCommandExecutor.invokeExecute(DriverCommandExecutor.java:216)<br/>
					org.openqa.selenium.remote.service.DriverCommandExecutor.execute(DriverCommandExecutor.java:174)<br/>
					org.openqa.selenium.remote.RemoteWebDriver.execute(RemoteWebDriver.java:545)<br/>
					org.openqa.selenium.remote.ElementLocation$ElementFinder$2.findElement(ElementLocation.java:165)<br/>
					org.openqa.selenium.remote.ElementLocation.findElement(ElementLocation.java:59)<br/>
					org.openqa.selenium.remote.RemoteWebDriver.findElement(RemoteWebDriver.java:368)<br/>
					org.openqa.selenium.remote.RemoteWebDriver.findElement(RemoteWebDriver.java:362)<br/>
					org.openqa.selenium.support.pagefactory.DefaultElementLocator.findElement(DefaultElementLocator.java:68)<br/>
					org.openqa.selenium.support.pagefactory.internal.LocatingElementHandler.invoke(LocatingElementHandler.java:38)<br/>
					jdk.proxy2/jdk.proxy2.$Proxy12.getText(Unknown Source)<br/>
					pages.CheckoutCompleted.orderCompletedMessage(CheckoutCompleted.java:52)<br/>
					testcases.ModuleTestCases.checkoutCompleted(ModuleTestCases.java:104)<br/>
					base.SauceDemoAutomation.checkout_completed(SauceDemoAutomation.java:50)<br/>
					java.base/jdk.internal.reflect.DirectMethodHandleAccessor.invoke(DirectMethodHandleAccessor.java:103)<br/>
					java.base/java.lang.reflect.Method.invoke(Method.java:580)<br/>
					org.testng.internal.invokers.MethodInvocationHelper.invokeMethod(MethodInvocationHelper.java:141)<br/>
					org.testng.internal.invokers.TestInvoker.invokeMethod(TestInvoker.java:686)<br/>
					org.testng.internal.invokers.TestInvoker.invokeTestMethod(TestInvoker.java:230)<br/>
					org.testng.internal.invokers.MethodRunner.runInSequence(MethodRunner.java:63)<br/>
					org.testng.internal.invokers.TestInvoker$MethodInvocationAgent.invoke(TestInvoker.java:992)<br/>
					org.testng.internal.invokers.TestInvoker.invokeTestMethods(TestInvoker.java:203)<br/>
					org.testng.internal.invokers.TestMethodWorker.invokeTestMethods(TestMethodWorker.java:154)<br/>
					org.testng.internal.invokers.TestMethodWorker.run(TestMethodWorker.java:134)<br/>
					java.base/java.util.ArrayList.forEach(ArrayList.java:1597)<br/>
					org.testng.TestRunner.privateRun(TestRunner.java:739)<br/>
					org.testng.TestRunner.run(TestRunner.java:614)<br/>
					org.testng.SuiteRunner.runTest(SuiteRunner.java:421)<br/>
					org.testng.SuiteRunner.runSequentially(SuiteRunner.java:413)<br/>
					org.testng.SuiteRunner.privateRun(SuiteRunner.java:373)<br/>
					org.testng.SuiteRunner.run(SuiteRunner.java:312)<br/>
					org.testng.SuiteRunnerWorker.runSuite(SuiteRunnerWorker.java:52)<br/>
					org.testng.SuiteRunnerWorker.run(SuiteRunnerWorker.java:95)<br/>
					org.testng.TestNG.runSuitesSequentially(TestNG.java:1274)<br/>
					org.testng.TestNG.runSuitesLocally(TestNG.java:1208)<br/>
					org.testng.TestNG.runSuites(TestNG.java:1112)<br/>
					org.testng.TestNG.run(TestNG.java:1079)<br/>
					org.testng.remote.AbstractRemoteTestNG.run(AbstractRemoteTestNG.java:115)<br/>
					org.testng.remote.RemoteTestNG.initAndRun(RemoteTestNG.java:293)<br/>
					org.testng.remote.RemoteTestNG.main(RemoteTestNG.java:91)<br/>
						</div>
		</td>
	</div>
</tr>
					<tr>
	<td class="time">1735554853955</td>
	<td class="header skipped" colspan="4" onClick="toggleElement('84ac8ce6-3a09-4ce9-9344-d6bf3e18b3a0','block');changeSingleIcon('span-84ac8ce6-3a09-4ce9-9344-d6bf3e18b3a0');" title="Click to expand/collapse" style="cursor: pointer;">
	<div style="float:left;"><i>Class&nbsp;:&nbsp;</i>base.SauceDemoAutomation</div>
	<div style="float:right;">@Test @ with DataProvider : [""] &nbsp;&nbsp;<span id='span-84ac8ce6-3a09-4ce9-9344-d6bf3e18b3a0' class="glyphicon glyphicon-menu-down"></span></div>
	</td>
	</tr>
<tr>
	<td class="time">1735554853955</td>
	<td class="methodTest">
		<span class="description"><b>Method: </b>checkout_overview</span><br>
			<span class="description"><b>Description: </b></span><br>
				<span class="description"><b>Priority: </b><font color='blue'>5</font></span><br>
						<span class="duration"><b>Duration: </b>0.073s</span><br>
	</td>
	<td class="result">
		 									<div class="stackTrace" id="84ac8ce6-3a09-4ce9-9344-d6bf3e18b3a0" style="display: block;">
												- On Test Start<br>
												CHECKOUT OVERVIEW TITLE: Checkout: Your Information<br>
												- On Test Skipped<br>
									<a href="javascript:toggleElement('exception-84ac8ce6-3a09-4ce9-9344-d6bf3e18b3a0','block')" title="Click to expand/collapse"><b>org.openqa.selenium.NoSuchElementException: no such element: Unable to locate element: {&quot;method&quot;:&quot;xpath&quot;,&quot;selector&quot;:&quot;//*[@id=&quot;item_2_title_link&quot;]/div&quot;}<br/>
&nbsp; (Session info: chrome=131.0.6778.205)<br/>
For documentation on this error, please visit: https://www.selenium.dev/documentation/webdriver/troubleshooting/errors#no-such-element-exception<br/>
Build info: version: &apos;4.26.0&apos;, revision: &apos;8ccf0219d7&apos;<br/>
System info: os.name: &apos;Windows 11&apos;, os.arch: &apos;amd64&apos;, os.version: &apos;10.0&apos;, java.version: &apos;23.0.1&apos;<br/>
Driver info: org.openqa.selenium.chrome.ChromeDriver<br/>
Command: [28706e2b1d2ca8759d37720129d99965, findElement {value=//*[@id=&quot;item_2_title_link&quot;]/div, using=xpath}]<br/>
Capabilities {acceptInsecureCerts: false, browserName: chrome, browserVersion: 131.0.6778.205, chrome: {chromedriverVersion: 131.0.6778.204 (52183f9e99a..., userDataDir: C:\Users\SHUBHAM\AppData\Lo...}, fedcm:accounts: true, goog:chromeOptions: {debuggerAddress: localhost:51569}, networkConnectionEnabled: false, pageLoadStrategy: normal, platformName: windows, proxy: Proxy(), se:cdp: ws://localhost:51569/devtoo..., se:cdpVersion: 131.0.6778.205, setWindowRect: true, strictFileInteractability: false, timeouts: {implicit: 0, pageLoad: 300000, script: 30000}, unhandledPromptBehavior: dismiss and notify, webauthn:extension:credBlob: true, webauthn:extension:largeBlob: true, webauthn:extension:minPinLength: true, webauthn:extension:prf: true, webauthn:virtualAuthenticators: true}<br/>
Session ID: 28706e2b1d2ca8759d37720129d99965</b></a><br/>
		<div class="stackTrace" id="exception-84ac8ce6-3a09-4ce9-9344-d6bf3e18b3a0">
					java.base/jdk.internal.reflect.DirectConstructorHandleAccessor.newInstance(DirectConstructorHandleAccessor.java:62)<br/>
					java.base/java.lang.reflect.Constructor.newInstanceWithCaller(Constructor.java:501)<br/>
					java.base/java.lang.reflect.Constructor.newInstance(Constructor.java:485)<br/>
					org.openqa.selenium.remote.ErrorCodec.decode(ErrorCodec.java:167)<br/>
					org.openqa.selenium.remote.codec.w3c.W3CHttpResponseCodec.decode(W3CHttpResponseCodec.java:138)<br/>
					org.openqa.selenium.remote.codec.w3c.W3CHttpResponseCodec.decode(W3CHttpResponseCodec.java:50)<br/>
					org.openqa.selenium.remote.HttpCommandExecutor.execute(HttpCommandExecutor.java:190)<br/>
					org.openqa.selenium.remote.service.DriverCommandExecutor.invokeExecute(DriverCommandExecutor.java:216)<br/>
					org.openqa.selenium.remote.service.DriverCommandExecutor.execute(DriverCommandExecutor.java:174)<br/>
					org.openqa.selenium.remote.RemoteWebDriver.execute(RemoteWebDriver.java:545)<br/>
					org.openqa.selenium.remote.ElementLocation$ElementFinder$2.findElement(ElementLocation.java:165)<br/>
					org.openqa.selenium.remote.ElementLocation.findElement(ElementLocation.java:59)<br/>
					org.openqa.selenium.remote.RemoteWebDriver.findElement(RemoteWebDriver.java:368)<br/>
					org.openqa.selenium.remote.RemoteWebDriver.findElement(RemoteWebDriver.java:362)<br/>
					org.openqa.selenium.support.pagefactory.DefaultElementLocator.findElement(DefaultElementLocator.java:68)<br/>
					org.openqa.selenium.support.pagefactory.internal.LocatingElementHandler.invoke(LocatingElementHandler.java:38)<br/>
					jdk.proxy2/jdk.proxy2.$Proxy12.getText(Unknown Source)<br/>
					pages.CheckoutOverview.checkoutOveriewDescription(CheckoutOverview.java:71)<br/>
					testcases.ModuleTestCases.checkoutOverview(ModuleTestCases.java:92)<br/>
					base.SauceDemoAutomation.checkout_overview(SauceDemoAutomation.java:44)<br/>
					java.base/jdk.internal.reflect.DirectMethodHandleAccessor.invoke(DirectMethodHandleAccessor.java:103)<br/>
					java.base/java.lang.reflect.Method.invoke(Method.java:580)<br/>
					org.testng.internal.invokers.MethodInvocationHelper.invokeMethod(MethodInvocationHelper.java:141)<br/>
					org.testng.internal.invokers.TestInvoker.invokeMethod(TestInvoker.java:686)<br/>
					org.testng.internal.invokers.TestInvoker.invokeTestMethod(TestInvoker.java:230)<br/>
					org.testng.internal.invokers.MethodRunner.runInSequence(MethodRunner.java:63)<br/>
					org.testng.internal.invokers.TestInvoker$MethodInvocationAgent.invoke(TestInvoker.java:992)<br/>
					org.testng.internal.invokers.TestInvoker.invokeTestMethods(TestInvoker.java:203)<br/>
					org.testng.internal.invokers.TestMethodWorker.invokeTestMethods(TestMethodWorker.java:154)<br/>
					org.testng.internal.invokers.TestMethodWorker.run(TestMethodWorker.java:134)<br/>
					java.base/java.util.ArrayList.forEach(ArrayList.java:1597)<br/>
					org.testng.TestRunner.privateRun(TestRunner.java:739)<br/>
					org.testng.TestRunner.run(TestRunner.java:614)<br/>
					org.testng.SuiteRunner.runTest(SuiteRunner.java:421)<br/>
					org.testng.SuiteRunner.runSequentially(SuiteRunner.java:413)<br/>
					org.testng.SuiteRunner.privateRun(SuiteRunner.java:373)<br/>
					org.testng.SuiteRunner.run(SuiteRunner.java:312)<br/>
					org.testng.SuiteRunnerWorker.runSuite(SuiteRunnerWorker.java:52)<br/>
					org.testng.SuiteRunnerWorker.run(SuiteRunnerWorker.java:95)<br/>
					org.testng.TestNG.runSuitesSequentially(TestNG.java:1274)<br/>
					org.testng.TestNG.runSuitesLocally(TestNG.java:1208)<br/>
					org.testng.TestNG.runSuites(TestNG.java:1112)<br/>
					org.testng.TestNG.run(TestNG.java:1079)<br/>
					org.testng.remote.AbstractRemoteTestNG.run(AbstractRemoteTestNG.java:115)<br/>
					org.testng.remote.RemoteTestNG.initAndRun(RemoteTestNG.java:293)<br/>
					org.testng.remote.RemoteTestNG.main(RemoteTestNG.java:91)<br/>
						</div>
		</td>
	</div>
</tr>
					<tr>
	<td class="time">1735554854038</td>
	<td class="header skipped" colspan="4" onClick="toggleElement('e34b045b-e7bc-4fe4-b567-2282394cb413','block');changeSingleIcon('span-e34b045b-e7bc-4fe4-b567-2282394cb413');" title="Click to expand/collapse" style="cursor: pointer;">
	<div style="float:left;"><i>Class&nbsp;:&nbsp;</i>base.SauceDemoAutomation</div>
	<div style="float:right;">@Test @ with DataProvider : [""] &nbsp;&nbsp;<span id='span-e34b045b-e7bc-4fe4-b567-2282394cb413' class="glyphicon glyphicon-menu-down"></span></div>
	</td>
	</tr>
<tr>
	<td class="time">1735554854038</td>
	<td class="methodTest">
		<span class="description"><b>Method: </b>checkout_overview</span><br>
			<span class="description"><b>Description: </b></span><br>
				<span class="description"><b>Priority: </b><font color='blue'>5</font></span><br>
						<span class="duration"><b>Duration: </b>0.042s</span><br>
	</td>
	<td class="result">
		 									<div class="stackTrace" id="e34b045b-e7bc-4fe4-b567-2282394cb413" style="display: block;">
												- On Test Start<br>
												CHECKOUT OVERVIEW TITLE: Checkout: Your Information<br>
												- On Test Skipped<br>
									<a href="javascript:toggleElement('exception-e34b045b-e7bc-4fe4-b567-2282394cb413','block')" title="Click to expand/collapse"><b>org.openqa.selenium.NoSuchElementException: no such element: Unable to locate element: {&quot;method&quot;:&quot;xpath&quot;,&quot;selector&quot;:&quot;//*[@id=&quot;item_2_title_link&quot;]/div&quot;}<br/>
&nbsp; (Session info: chrome=131.0.6778.205)<br/>
For documentation on this error, please visit: https://www.selenium.dev/documentation/webdriver/troubleshooting/errors#no-such-element-exception<br/>
Build info: version: &apos;4.26.0&apos;, revision: &apos;8ccf0219d7&apos;<br/>
System info: os.name: &apos;Windows 11&apos;, os.arch: &apos;amd64&apos;, os.version: &apos;10.0&apos;, java.version: &apos;23.0.1&apos;<br/>
Driver info: org.openqa.selenium.chrome.ChromeDriver<br/>
Command: [28706e2b1d2ca8759d37720129d99965, findElement {value=//*[@id=&quot;item_2_title_link&quot;]/div, using=xpath}]<br/>
Capabilities {acceptInsecureCerts: false, browserName: chrome, browserVersion: 131.0.6778.205, chrome: {chromedriverVersion: 131.0.6778.204 (52183f9e99a..., userDataDir: C:\Users\SHUBHAM\AppData\Lo...}, fedcm:accounts: true, goog:chromeOptions: {debuggerAddress: localhost:51569}, networkConnectionEnabled: false, pageLoadStrategy: normal, platformName: windows, proxy: Proxy(), se:cdp: ws://localhost:51569/devtoo..., se:cdpVersion: 131.0.6778.205, setWindowRect: true, strictFileInteractability: false, timeouts: {implicit: 0, pageLoad: 300000, script: 30000}, unhandledPromptBehavior: dismiss and notify, webauthn:extension:credBlob: true, webauthn:extension:largeBlob: true, webauthn:extension:minPinLength: true, webauthn:extension:prf: true, webauthn:virtualAuthenticators: true}<br/>
Session ID: 28706e2b1d2ca8759d37720129d99965</b></a><br/>
		<div class="stackTrace" id="exception-e34b045b-e7bc-4fe4-b567-2282394cb413">
					java.base/jdk.internal.reflect.DirectConstructorHandleAccessor.newInstance(DirectConstructorHandleAccessor.java:62)<br/>
					java.base/java.lang.reflect.Constructor.newInstanceWithCaller(Constructor.java:501)<br/>
					java.base/java.lang.reflect.Constructor.newInstance(Constructor.java:485)<br/>
					org.openqa.selenium.remote.ErrorCodec.decode(ErrorCodec.java:167)<br/>
					org.openqa.selenium.remote.codec.w3c.W3CHttpResponseCodec.decode(W3CHttpResponseCodec.java:138)<br/>
					org.openqa.selenium.remote.codec.w3c.W3CHttpResponseCodec.decode(W3CHttpResponseCodec.java:50)<br/>
					org.openqa.selenium.remote.HttpCommandExecutor.execute(HttpCommandExecutor.java:190)<br/>
					org.openqa.selenium.remote.service.DriverCommandExecutor.invokeExecute(DriverCommandExecutor.java:216)<br/>
					org.openqa.selenium.remote.service.DriverCommandExecutor.execute(DriverCommandExecutor.java:174)<br/>
					org.openqa.selenium.remote.RemoteWebDriver.execute(RemoteWebDriver.java:545)<br/>
					org.openqa.selenium.remote.ElementLocation$ElementFinder$2.findElement(ElementLocation.java:165)<br/>
					org.openqa.selenium.remote.ElementLocation.findElement(ElementLocation.java:59)<br/>
					org.openqa.selenium.remote.RemoteWebDriver.findElement(RemoteWebDriver.java:368)<br/>
					org.openqa.selenium.remote.RemoteWebDriver.findElement(RemoteWebDriver.java:362)<br/>
					org.openqa.selenium.support.pagefactory.DefaultElementLocator.findElement(DefaultElementLocator.java:68)<br/>
					org.openqa.selenium.support.pagefactory.internal.LocatingElementHandler.invoke(LocatingElementHandler.java:38)<br/>
					jdk.proxy2/jdk.proxy2.$Proxy12.getText(Unknown Source)<br/>
					pages.CheckoutOverview.checkoutOveriewDescription(CheckoutOverview.java:71)<br/>
					testcases.ModuleTestCases.checkoutOverview(ModuleTestCases.java:92)<br/>
					base.SauceDemoAutomation.checkout_overview(SauceDemoAutomation.java:44)<br/>
					java.base/jdk.internal.reflect.DirectMethodHandleAccessor.invoke(DirectMethodHandleAccessor.java:103)<br/>
					java.base/java.lang.reflect.Method.invoke(Method.java:580)<br/>
					org.testng.internal.invokers.MethodInvocationHelper.invokeMethod(MethodInvocationHelper.java:141)<br/>
					org.testng.internal.invokers.TestInvoker.invokeMethod(TestInvoker.java:686)<br/>
					org.testng.internal.invokers.TestInvoker.retryFailed(TestInvoker.java:269)<br/>
					org.testng.internal.invokers.MethodRunner.runInSequence(MethodRunner.java:76)<br/>
					org.testng.internal.invokers.TestInvoker$MethodInvocationAgent.invoke(TestInvoker.java:992)<br/>
					org.testng.internal.invokers.TestInvoker.invokeTestMethods(TestInvoker.java:203)<br/>
					org.testng.internal.invokers.TestMethodWorker.invokeTestMethods(TestMethodWorker.java:154)<br/>
					org.testng.internal.invokers.TestMethodWorker.run(TestMethodWorker.java:134)<br/>
					java.base/java.util.ArrayList.forEach(ArrayList.java:1597)<br/>
					org.testng.TestRunner.privateRun(TestRunner.java:739)<br/>
					org.testng.TestRunner.run(TestRunner.java:614)<br/>
					org.testng.SuiteRunner.runTest(SuiteRunner.java:421)<br/>
					org.testng.SuiteRunner.runSequentially(SuiteRunner.java:413)<br/>
					org.testng.SuiteRunner.privateRun(SuiteRunner.java:373)<br/>
					org.testng.SuiteRunner.run(SuiteRunner.java:312)<br/>
					org.testng.SuiteRunnerWorker.runSuite(SuiteRunnerWorker.java:52)<br/>
					org.testng.SuiteRunnerWorker.run(SuiteRunnerWorker.java:95)<br/>
					org.testng.TestNG.runSuitesSequentially(TestNG.java:1274)<br/>
					org.testng.TestNG.runSuitesLocally(TestNG.java:1208)<br/>
					org.testng.TestNG.runSuites(TestNG.java:1112)<br/>
					org.testng.TestNG.run(TestNG.java:1079)<br/>
					org.testng.remote.AbstractRemoteTestNG.run(AbstractRemoteTestNG.java:115)<br/>
					org.testng.remote.RemoteTestNG.initAndRun(RemoteTestNG.java:293)<br/>
					org.testng.remote.RemoteTestNG.main(RemoteTestNG.java:91)<br/>
						</div>
		</td>
	</div>
</tr>
					<tr>
	<td class="time">1735554854214</td>
	<td class="header skipped" colspan="4" onClick="toggleElement('e28d8905-19a3-47f4-ac5d-7dc8d8a052fd','block');changeSingleIcon('span-e28d8905-19a3-47f4-ac5d-7dc8d8a052fd');" title="Click to expand/collapse" style="cursor: pointer;">
	<div style="float:left;"><i>Class&nbsp;:&nbsp;</i>base.SauceDemoAutomation</div>
	<div style="float:right;">@Test @ with DataProvider : [""] &nbsp;&nbsp;<span id='span-e28d8905-19a3-47f4-ac5d-7dc8d8a052fd' class="glyphicon glyphicon-menu-down"></span></div>
	</td>
	</tr>
<tr>
	<td class="time">1735554854214</td>
	<td class="methodTest">
		<span class="description"><b>Method: </b>checkout_completed</span><br>
			<span class="description"><b>Description: </b></span><br>
				<span class="description"><b>Priority: </b><font color='blue'>6</font></span><br>
						<span class="duration"><b>Duration: </b>0.050s</span><br>
	</td>
	<td class="result">
		 									<div class="stackTrace" id="e28d8905-19a3-47f4-ac5d-7dc8d8a052fd" style="display: block;">
												- On Test Start<br>
												CHECKOUT COMPLETED TITLE: Checkout: Your Information<br>
												- On Test Skipped<br>
									<a href="javascript:toggleElement('exception-e28d8905-19a3-47f4-ac5d-7dc8d8a052fd','block')" title="Click to expand/collapse"><b>org.openqa.selenium.NoSuchElementException: no such element: Unable to locate element: {&quot;method&quot;:&quot;xpath&quot;,&quot;selector&quot;:&quot;//*[@id=&quot;checkout_complete_container&quot;]/h2&quot;}<br/>
&nbsp; (Session info: chrome=131.0.6778.205)<br/>
For documentation on this error, please visit: https://www.selenium.dev/documentation/webdriver/troubleshooting/errors#no-such-element-exception<br/>
Build info: version: &apos;4.26.0&apos;, revision: &apos;8ccf0219d7&apos;<br/>
System info: os.name: &apos;Windows 11&apos;, os.arch: &apos;amd64&apos;, os.version: &apos;10.0&apos;, java.version: &apos;23.0.1&apos;<br/>
Driver info: org.openqa.selenium.chrome.ChromeDriver<br/>
Command: [28706e2b1d2ca8759d37720129d99965, findElement {value=//*[@id=&quot;checkout_complete_container&quot;]/h2, using=xpath}]<br/>
Capabilities {acceptInsecureCerts: false, browserName: chrome, browserVersion: 131.0.6778.205, chrome: {chromedriverVersion: 131.0.6778.204 (52183f9e99a..., userDataDir: C:\Users\SHUBHAM\AppData\Lo...}, fedcm:accounts: true, goog:chromeOptions: {debuggerAddress: localhost:51569}, networkConnectionEnabled: false, pageLoadStrategy: normal, platformName: windows, proxy: Proxy(), se:cdp: ws://localhost:51569/devtoo..., se:cdpVersion: 131.0.6778.205, setWindowRect: true, strictFileInteractability: false, timeouts: {implicit: 0, pageLoad: 300000, script: 30000}, unhandledPromptBehavior: dismiss and notify, webauthn:extension:credBlob: true, webauthn:extension:largeBlob: true, webauthn:extension:minPinLength: true, webauthn:extension:prf: true, webauthn:virtualAuthenticators: true}<br/>
Session ID: 28706e2b1d2ca8759d37720129d99965</b></a><br/>
		<div class="stackTrace" id="exception-e28d8905-19a3-47f4-ac5d-7dc8d8a052fd">
					java.base/jdk.internal.reflect.DirectConstructorHandleAccessor.newInstance(DirectConstructorHandleAccessor.java:62)<br/>
					java.base/java.lang.reflect.Constructor.newInstanceWithCaller(Constructor.java:501)<br/>
					java.base/java.lang.reflect.Constructor.newInstance(Constructor.java:485)<br/>
					org.openqa.selenium.remote.ErrorCodec.decode(ErrorCodec.java:167)<br/>
					org.openqa.selenium.remote.codec.w3c.W3CHttpResponseCodec.decode(W3CHttpResponseCodec.java:138)<br/>
					org.openqa.selenium.remote.codec.w3c.W3CHttpResponseCodec.decode(W3CHttpResponseCodec.java:50)<br/>
					org.openqa.selenium.remote.HttpCommandExecutor.execute(HttpCommandExecutor.java:190)<br/>
					org.openqa.selenium.remote.service.DriverCommandExecutor.invokeExecute(DriverCommandExecutor.java:216)<br/>
					org.openqa.selenium.remote.service.DriverCommandExecutor.execute(DriverCommandExecutor.java:174)<br/>
					org.openqa.selenium.remote.RemoteWebDriver.execute(RemoteWebDriver.java:545)<br/>
					org.openqa.selenium.remote.ElementLocation$ElementFinder$2.findElement(ElementLocation.java:165)<br/>
					org.openqa.selenium.remote.ElementLocation.findElement(ElementLocation.java:59)<br/>
					org.openqa.selenium.remote.RemoteWebDriver.findElement(RemoteWebDriver.java:368)<br/>
					org.openqa.selenium.remote.RemoteWebDriver.findElement(RemoteWebDriver.java:362)<br/>
					org.openqa.selenium.support.pagefactory.DefaultElementLocator.findElement(DefaultElementLocator.java:68)<br/>
					org.openqa.selenium.support.pagefactory.internal.LocatingElementHandler.invoke(LocatingElementHandler.java:38)<br/>
					jdk.proxy2/jdk.proxy2.$Proxy12.getText(Unknown Source)<br/>
					pages.CheckoutCompleted.orderCompletedMessage(CheckoutCompleted.java:52)<br/>
					testcases.ModuleTestCases.checkoutCompleted(ModuleTestCases.java:104)<br/>
					base.SauceDemoAutomation.checkout_completed(SauceDemoAutomation.java:50)<br/>
					java.base/jdk.internal.reflect.DirectMethodHandleAccessor.invoke(DirectMethodHandleAccessor.java:103)<br/>
					java.base/java.lang.reflect.Method.invoke(Method.java:580)<br/>
					org.testng.internal.invokers.MethodInvocationHelper.invokeMethod(MethodInvocationHelper.java:141)<br/>
					org.testng.internal.invokers.TestInvoker.invokeMethod(TestInvoker.java:686)<br/>
					org.testng.internal.invokers.TestInvoker.retryFailed(TestInvoker.java:269)<br/>
					org.testng.internal.invokers.MethodRunner.runInSequence(MethodRunner.java:76)<br/>
					org.testng.internal.invokers.TestInvoker$MethodInvocationAgent.invoke(TestInvoker.java:992)<br/>
					org.testng.internal.invokers.TestInvoker.invokeTestMethods(TestInvoker.java:203)<br/>
					org.testng.internal.invokers.TestMethodWorker.invokeTestMethods(TestMethodWorker.java:154)<br/>
					org.testng.internal.invokers.TestMethodWorker.run(TestMethodWorker.java:134)<br/>
					java.base/java.util.ArrayList.forEach(ArrayList.java:1597)<br/>
					org.testng.TestRunner.privateRun(TestRunner.java:739)<br/>
					org.testng.TestRunner.run(TestRunner.java:614)<br/>
					org.testng.SuiteRunner.runTest(SuiteRunner.java:421)<br/>
					org.testng.SuiteRunner.runSequentially(SuiteRunner.java:413)<br/>
					org.testng.SuiteRunner.privateRun(SuiteRunner.java:373)<br/>
					org.testng.SuiteRunner.run(SuiteRunner.java:312)<br/>
					org.testng.SuiteRunnerWorker.runSuite(SuiteRunnerWorker.java:52)<br/>
					org.testng.SuiteRunnerWorker.run(SuiteRunnerWorker.java:95)<br/>
					org.testng.TestNG.runSuitesSequentially(TestNG.java:1274)<br/>
					org.testng.TestNG.runSuitesLocally(TestNG.java:1208)<br/>
					org.testng.TestNG.runSuites(TestNG.java:1112)<br/>
					org.testng.TestNG.run(TestNG.java:1079)<br/>
					org.testng.remote.AbstractRemoteTestNG.run(AbstractRemoteTestNG.java:115)<br/>
					org.testng.remote.RemoteTestNG.initAndRun(RemoteTestNG.java:293)<br/>
					org.testng.remote.RemoteTestNG.main(RemoteTestNG.java:91)<br/>
						</div>
		</td>
	</div>
</tr>
						
												<tr>
			<td class="time">1735554850430</td>
			<td class="header passed" colspan="4" onClick="toggleElement('c99889b7-2251-431b-9d83-f9a04e8deed8','block');changeSingleIcon('span-c99889b7-2251-431b-9d83-f9a04e8deed8');" title="Click to expand/collapse" style="cursor: pointer;">
			<div style="float:left;"><i>Class&nbsp;:&nbsp;</i>base.SauceDemoAutomation</div>
			<div style="float:right;">@Test @ with DataProvider : [""] &nbsp;&nbsp;<span id='span-c99889b7-2251-431b-9d83-f9a04e8deed8' class="glyphicon glyphicon-menu-down"></span></div>
			</td>
			</tr>
			<tr>
	<td class="time">1735554850430</td>
	<td class="methodTest">
		<span class="description"><b>Method: </b>product_page</span><br>
			<span class="description"><b>Description: </b></span><br>
				<span class="description"><b>Priority: </b><font color='blue'>2</font></span><br>
						<span class="duration"><b>Duration: </b>2.205s</span><br>
	</td>
	<td class="result">
						<div class="stackTrace" id="c99889b7-2251-431b-9d83-f9a04e8deed8" style="display: block;">
												- On Test Start<br>
												INVENTORY DETAILS: 0: Sauce Labs Backpack :: carry.allTheThings() with the sleek, streamlined Sly Pack that melds uncompromising style with unequaled laptop and tablet protection. :: $29.99<br>
												INVENTORY DETAILS: 1: Sauce Labs Bike Light :: A red light isn&apos;t the desired state in testing but it sure helps when riding your bike at night. Water-resistant with 3 lighting modes, 1 AAA battery included. :: $9.99<br>
												INVENTORY DETAILS: 2: Sauce Labs Bolt T-Shirt :: Get your testing superhero on with the Sauce Labs bolt T-shirt. From American Apparel, 100% ringspun combed cotton, heather gray with red bolt. :: $15.99<br>
												INVENTORY DETAILS: 3: Sauce Labs Fleece Jacket :: It&apos;s not every day that you come across a midweight quarter-zip fleece jacket capable of handling everything from a relaxing day outdoors to a busy day at the office. :: $49.99<br>
												INVENTORY DETAILS: 4: Sauce Labs Onesie :: Rib snap infant onesie for the junior automation engineer in development. Reinforced 3-snap bottom closure, two-needle hemmed sleeved and bottom won&apos;t unravel. :: $7.99<br>
												INVENTORY DETAILS: 5: Test.allTheThings() T-Shirt (Red) :: This classic Sauce Labs t-shirt is perfect to wear when cozying up to your keyboard to automate a few tests. Super-soft and comfy ringspun combed cotton. :: $15.99<br>
												 <br>
												PRODUCT FILTER: 0: Name (A to Z)<br>
												PRODUCT FILTER: 1: Name (Z to A)<br>
												PRODUCT FILTER: 2: Price (low to high)<br>
												PRODUCT FILTER: 3: Price (high to low)<br>
												 <br>
												SOCIAL LINKS TEXT: 0: Twitter<br>
												SOCIAL LINKS: 0: https://twitter.com/saucelabs<br>
												SOCIAL LINKS TEXT: 1: Facebook<br>
												SOCIAL LINKS: 1: https://www.facebook.com/saucelabs<br>
												SOCIAL LINKS TEXT: 2: LinkedIn<br>
												SOCIAL LINKS: 2: https://www.linkedin.com/company/sauce-labs/<br>
												 <br>
												PRODUCT SUCCESSFULLY FETCHED<br>
												<br>
												- On Test Success<br>
								</td>
	</div>
</tr>
						<tr>
			<td class="time">1735554852641</td>
			<td class="header passed" colspan="4" onClick="toggleElement('58c14217-2008-4c37-af19-2db7510b573c','block');changeSingleIcon('span-58c14217-2008-4c37-af19-2db7510b573c');" title="Click to expand/collapse" style="cursor: pointer;">
			<div style="float:left;"><i>Class&nbsp;:&nbsp;</i>base.SauceDemoAutomation</div>
			<div style="float:right;">@Test @ with DataProvider : [""] &nbsp;&nbsp;<span id='span-58c14217-2008-4c37-af19-2db7510b573c' class="glyphicon glyphicon-menu-down"></span></div>
			</td>
			</tr>
			<tr>
	<td class="time">1735554852641</td>
	<td class="methodTest">
		<span class="description"><b>Method: </b>shopping_page</span><br>
			<span class="description"><b>Description: </b></span><br>
				<span class="description"><b>Priority: </b><font color='blue'>3</font></span><br>
						<span class="duration"><b>Duration: </b>0.559s</span><br>
	</td>
	<td class="result">
						<div class="stackTrace" id="58c14217-2008-4c37-af19-2db7510b573c" style="display: block;">
												- On Test Start<br>
												SELECTED CARD META DESCRIPTION: Sauce Labs Onesie: Rib snap infant onesie for the junior automation engineer in development. Reinforced 3-snap bottom closure, two-needle hemmed sleeved and bottom won&apos;t unravel.: $7.99<br>
												REMOVE BUTTON TEXT: Remove<br>
												CONTINUE BUTTON TEXT: Continue Shopping<br>
												CHECKOUT BUTTON TEXT: Checkout<br>
												 <br>
												SHOPPING DATA SUCCESSFULLY FETCHED<br>
												<br>
												- On Test Success<br>
								</td>
	</div>
</tr>
						<tr>
			<td class="time">1735554853209</td>
			<td class="header passed" colspan="4" onClick="toggleElement('bde7c81d-28e5-45a0-b4ad-acb41521277f','block');changeSingleIcon('span-bde7c81d-28e5-45a0-b4ad-acb41521277f');" title="Click to expand/collapse" style="cursor: pointer;">
			<div style="float:left;"><i>Class&nbsp;:&nbsp;</i>base.SauceDemoAutomation</div>
			<div style="float:right;">@Test @ with DataProvider : [""] &nbsp;&nbsp;<span id='span-bde7c81d-28e5-45a0-b4ad-acb41521277f' class="glyphicon glyphicon-menu-down"></span></div>
			</td>
			</tr>
			<tr>
	<td class="time">1735554853209</td>
	<td class="methodTest">
		<span class="description"><b>Method: </b>checkout_information</span><br>
			<span class="description"><b>Description: </b></span><br>
				<span class="description"><b>Priority: </b><font color='blue'>4</font></span><br>
						<span class="duration"><b>Duration: </b>0.740s</span><br>
	</td>
	<td class="result">
						<div class="stackTrace" id="bde7c81d-28e5-45a0-b4ad-acb41521277f" style="display: block;">
												- On Test Start<br>
												CHECKOUT INFORMATION TITLE: Checkout: Your Information<br>
												FIRST NAME: SAM<br>
												LAST NAME: <br>
												POSTAL CODE: 111111<br>
												CANCEL BUTTON TEXT: Cancel<br>
												CONTINUE BUTTON TEXT: <br>
												CHECKOUT INFORMATION SUCCESSFULLY FETCHED<br>
												<br>
												- On Test Success<br>
								</td>
	</div>
</tr>
						<tr>
			<td class="time">1735554844421</td>
			<td class="header passed" colspan="4" onClick="toggleElement('300806dd-627f-4f03-b75b-a30266cadb84','block');changeSingleIcon('span-300806dd-627f-4f03-b75b-a30266cadb84');" title="Click to expand/collapse" style="cursor: pointer;">
			<div style="float:left;"><i>Class&nbsp;:&nbsp;</i>base.SauceDemoAutomation</div>
			<div style="float:right;">@Test @ with DataProvider : [""] &nbsp;&nbsp;<span id='span-300806dd-627f-4f03-b75b-a30266cadb84' class="glyphicon glyphicon-menu-down"></span></div>
			</td>
			</tr>
			<tr>
	<td class="time">1735554844421</td>
	<td class="methodTest">
		<span class="description"><b>Method: </b>login_page</span><br>
			<span class="description"><b>Description: </b></span><br>
				<span class="description"><b>Priority: </b><font color='blue'>1</font></span><br>
						<span class="duration"><b>Duration: </b>5.991s</span><br>
	</td>
	<td class="result">
						<div class="stackTrace" id="300806dd-627f-4f03-b75b-a30266cadb84" style="display: block;">
												- On Test Start<br>
												USERNAME CREDENTIAL: Accepted usernames are:<br/>
standard_user<br/>
locked_out_user<br/>
problem_user<br/>
performance_glitch_user<br/>
error_user<br/>
visual_user<br>
												PASSWORD CREDENTIAL: Password for all users:<br/>
secret_sauce<br>
												 <br>
												USERNAME: standard_user<br>
												PASSWORD: secret_sauce<br>
												USERNAME: locked_out_user<br>
												PASSWORD: secret_sauce<br>
												USERNAME: performance_glitch_user<br>
												PASSWORD: secret_sauce<br>
												USERNAME: error_user<br>
												PASSWORD: secret_sauce<br>
												USERNAME: visual_user<br>
												PASSWORD: secret_sauce<br>
												USERNAME: problem_user<br>
												PASSWORD: secret_sauce<br>
												LOGIN BUTTON TEXT: Login<br>
												 <br>
												LOGIN SUCCESSFULLY<br>
												<br>
												- On Test Success<br>
								</td>
	</div>
</tr>
					  
	</tbody>
	</table>
</div>
</body>
</html>
